<?xml version="1.0" encoding="UTF-8"?>
<!-- Generated by org.testng.reporters.JUnitReportReporter -->
<testsuite hostname="DESKTOP-HA9J99N" failures="0" tests="1" name="com.runner.TestRunner" time="44.843" errors="0" timestamp="2024-06-07T16:32:43 IST" skipped="0">
  <testcase classname="com.runner.TestRunner" name="runScenario" time="44.843"/>
  <system-out/>
</testsuite> <!-- com.runner.TestRunner -->
