<?xml version="1.0" encoding="UTF-8"?>
<!-- Generated by org.testng.reporters.JUnitReportReporter -->
<testsuite hostname="DESKTOP-HA9J99N" failures="0" tests="1" name="com.runner.TestRunner" time="29.461" errors="0" timestamp="2024-05-14T15:51:12 IST" skipped="0">
  <testcase classname="com.runner.TestRunner" name="runScenario" time="29.461"/>
  <system-out/>
</testsuite> <!-- com.runner.TestRunner -->
